0 verbose cli [ '/usr/bin/node', '/usr/bin/npm', 'i', '-g', 'pyright' ]
1 info using npm@7.20.3
2 info using node@v16.6.0
3 timing npm:load:whichnode Completed in 0ms
4 timing config:load:defaults Completed in 1ms
5 timing config:load:file:/usr/lib/node_modules/npm/npmrc Completed in 1ms
6 timing config:load:builtin Completed in 1ms
7 timing config:load:cli Completed in 4ms
8 timing config:load:env Completed in 0ms
9 timing config:load:file:/home/defqon/.config/nvim/.npmrc Completed in 0ms
10 timing config:load:project Completed in 2ms
11 timing config:load:file:/home/defqon/.npmrc Completed in 0ms
12 timing config:load:user Completed in 0ms
13 timing config:load:file:/usr/etc/npmrc Completed in 0ms
14 timing config:load:global Completed in 0ms
15 timing config:load:validate Completed in 0ms
16 timing config:load:credentials Completed in 5ms
17 timing config:load:setEnvs Completed in 1ms
18 timing config:load Completed in 14ms
19 timing npm:load:configload Completed in 14ms
20 timing npm:load:setTitle Completed in 0ms
21 timing npm:load:setupLog Completed in 0ms
22 timing config:load:flatten Completed in 3ms
23 timing npm:load:cleanupLog Completed in 2ms
24 timing npm:load:configScope Completed in 0ms
25 timing npm:load:projectScope Completed in 0ms
26 timing npm:load Completed in 22ms
27 timing arborist:ctor Completed in 1ms
28 timing idealTree:init Completed in 6ms
29 timing idealTree:userRequests Completed in 1ms
30 silly idealTree buildDeps
31 silly fetch manifest pyright@*
32 http fetch GET 200 https://registry.npmjs.org/pyright 833ms (cache miss)
33 silly placeDep ROOT pyright@1.1.159 OK for:  want: *
34 timing idealTree:#root Completed in 845ms
35 timing idealTree:node_modules/pyright Completed in 0ms
36 timing idealTree:buildDeps Completed in 947ms
37 timing idealTree:fixDepFlags Completed in 1ms
38 timing idealTree Completed in 955ms
39 timing reify:loadTrees Completed in 959ms
40 timing reify:diffTrees Completed in 1ms
41 silly reify moves {}
42 timing reify:retireShallow Completed in 1ms
43 timing reify:rollback:createSparse Completed in 0ms
44 timing reify:rollback:retireShallow Completed in 0ms
45 timing command:install Completed in 1015ms
46 verbose stack Error: EACCES: permission denied, mkdir '/usr/lib/node_modules/pyright'
47 verbose cwd /home/defqon/.config/nvim
48 verbose Linux 5.12.14-artix1-1
49 verbose argv "/usr/bin/node" "/usr/bin/npm" "i" "-g" "pyright"
50 verbose node v16.6.0
51 verbose npm  v7.20.3
52 error code EACCES
53 error syscall mkdir
54 error path /usr/lib/node_modules/pyright
55 error errno -13
56 error Error: EACCES: permission denied, mkdir '/usr/lib/node_modules/pyright'
56 error  [Error: EACCES: permission denied, mkdir '/usr/lib/node_modules/pyright'] {
56 error   errno: -13,
56 error   code: 'EACCES',
56 error   syscall: 'mkdir',
56 error   path: '/usr/lib/node_modules/pyright'
56 error }
57 error The operation was rejected by your operating system.
57 error It is likely you do not have the permissions to access this file as the current user
57 error
57 error If you believe this might be a permissions issue, please double-check the
57 error permissions of the file and its containing directories, or try running
57 error the command again as root/Administrator.
58 verbose exit -13
